{"total": {"lines":{"total":1766,"covered":1691,"skipped":0,"pct":95.75},"statements":{"total":1835,"covered":1757,"skipped":0,"pct":95.74},"functions":{"total":347,"covered":338,"skipped":0,"pct":97.4},"branches":{"total":416,"covered":334,"skipped":0,"pct":80.28},"branchesTrue":{"total":0,"covered":0,"skipped":0,"pct":100}}
,"/app/dist/EventBus.js": {"lines":{"total":8,"covered":7,"skipped":0,"pct":87.5},"functions":{"total":5,"covered":4,"skipped":0,"pct":80},"statements":{"total":9,"covered":8,"skipped":0,"pct":88.88},"branches":{"total":0,"covered":0,"skipped":0,"pct":100}}
,"/app/dist/EventListeners.js": {"lines":{"total":12,"covered":12,"skipped":0,"pct":100},"functions":{"total":4,"covered":4,"skipped":0,"pct":100},"statements":{"total":12,"covered":12,"skipped":0,"pct":100},"branches":{"total":0,"covered":0,"skipped":0,"pct":100}}
,"/app/dist/env.js": {"lines":{"total":13,"covered":11,"skipped":0,"pct":84.61},"functions":{"total":1,"covered":1,"skipped":0,"pct":100},"statements":{"total":13,"covered":11,"skipped":0,"pct":84.61},"branches":{"total":9,"covered":7,"skipped":0,"pct":77.77}}
,"/app/dist/web-server.js": {"lines":{"total":40,"covered":39,"skipped":0,"pct":97.5},"functions":{"total":4,"covered":3,"skipped":0,"pct":75},"statements":{"total":40,"covered":39,"skipped":0,"pct":97.5},"branches":{"total":11,"covered":10,"skipped":0,"pct":90.9}}
,"/app/dist/controllers/ApiV1Controller.js": {"lines":{"total":44,"covered":37,"skipped":0,"pct":84.09},"functions":{"total":6,"covered":5,"skipped":0,"pct":83.33},"statements":{"total":45,"covered":37,"skipped":0,"pct":82.22},"branches":{"total":22,"covered":15,"skipped":0,"pct":68.18}}
,"/app/dist/controllers/ControllerUtilities.js": {"lines":{"total":16,"covered":16,"skipped":0,"pct":100},"functions":{"total":4,"covered":4,"skipped":0,"pct":100},"statements":{"total":19,"covered":19,"skipped":0,"pct":100},"branches":{"total":4,"covered":4,"skipped":0,"pct":100}}
,"/app/dist/controllers/DashboardController.js": {"lines":{"total":94,"covered":81,"skipped":0,"pct":86.17},"functions":{"total":15,"covered":11,"skipped":0,"pct":73.33},"statements":{"total":99,"covered":85,"skipped":0,"pct":85.85},"branches":{"total":36,"covered":28,"skipped":0,"pct":77.77}}
,"/app/dist/controllers/ErrorController.js": {"lines":{"total":3,"covered":3,"skipped":0,"pct":100},"functions":{"total":1,"covered":1,"skipped":0,"pct":100},"statements":{"total":4,"covered":4,"skipped":0,"pct":100},"branches":{"total":0,"covered":0,"skipped":0,"pct":100}}
,"/app/dist/controllers/LoginController.js": {"lines":{"total":25,"covered":20,"skipped":0,"pct":80},"functions":{"total":2,"covered":2,"skipped":0,"pct":100},"statements":{"total":26,"covered":21,"skipped":0,"pct":80.76},"branches":{"total":12,"covered":9,"skipped":0,"pct":75}}
,"/app/dist/controllers/LogoutController.js": {"lines":{"total":6,"covered":6,"skipped":0,"pct":100},"functions":{"total":1,"covered":1,"skipped":0,"pct":100},"statements":{"total":6,"covered":6,"skipped":0,"pct":100},"branches":{"total":2,"covered":2,"skipped":0,"pct":100}}
,"/app/dist/controllers/RegisterController.js": {"lines":{"total":20,"covered":19,"skipped":0,"pct":95},"functions":{"total":2,"covered":2,"skipped":0,"pct":100},"statements":{"total":21,"covered":20,"skipped":0,"pct":95.23},"branches":{"total":8,"covered":7,"skipped":0,"pct":87.5}}
,"/app/dist/controllers/RootController.js": {"lines":{"total":9,"covered":9,"skipped":0,"pct":100},"functions":{"total":2,"covered":1,"skipped":0,"pct":50},"statements":{"total":10,"covered":9,"skipped":0,"pct":90},"branches":{"total":2,"covered":2,"skipped":0,"pct":100}}
,"/app/dist/controllers/SettingsController.js": {"lines":{"total":60,"covered":53,"skipped":0,"pct":88.33},"functions":{"total":6,"covered":5,"skipped":0,"pct":83.33},"statements":{"total":60,"covered":53,"skipped":0,"pct":88.33},"branches":{"total":22,"covered":15,"skipped":0,"pct":68.18}}
,"/app/dist/controllers/SetupController.js": {"lines":{"total":29,"covered":24,"skipped":0,"pct":82.75},"functions":{"total":2,"covered":2,"skipped":0,"pct":100},"statements":{"total":30,"covered":25,"skipped":0,"pct":83.33},"branches":{"total":12,"covered":8,"skipped":0,"pct":66.66}}
,"/app/dist/controllers/SystemSettingsController.js": {"lines":{"total":30,"covered":28,"skipped":0,"pct":93.33},"functions":{"total":5,"covered":5,"skipped":0,"pct":100},"statements":{"total":31,"covered":29,"skipped":0,"pct":93.54},"branches":{"total":9,"covered":7,"skipped":0,"pct":77.77}}
,"/app/dist/controllers/UsersController.js": {"lines":{"total":39,"covered":36,"skipped":0,"pct":92.3},"functions":{"total":2,"covered":2,"skipped":0,"pct":100},"statements":{"total":39,"covered":36,"skipped":0,"pct":92.3},"branches":{"total":20,"covered":15,"skipped":0,"pct":75}}
,"/app/dist/database/database.js": {"lines":{"total":6,"covered":6,"skipped":0,"pct":100},"functions":{"total":0,"covered":0,"skipped":0,"pct":100},"statements":{"total":6,"covered":6,"skipped":0,"pct":100},"branches":{"total":0,"covered":0,"skipped":0,"pct":100}}
,"/app/dist/database/migrations/20220610213230_create_users.js": {"lines":{"total":12,"covered":12,"skipped":0,"pct":100},"functions":{"total":3,"covered":3,"skipped":0,"pct":100},"statements":{"total":12,"covered":12,"skipped":0,"pct":100},"branches":{"total":0,"covered":0,"skipped":0,"pct":100}}
,"/app/dist/database/migrations/20220611142933_create_roles.js": {"lines":{"total":10,"covered":10,"skipped":0,"pct":100},"functions":{"total":3,"covered":3,"skipped":0,"pct":100},"statements":{"total":10,"covered":10,"skipped":0,"pct":100},"branches":{"total":0,"covered":0,"skipped":0,"pct":100}}
,"/app/dist/database/migrations/20220611143021_create_users_roles.js": {"lines":{"total":11,"covered":11,"skipped":0,"pct":100},"functions":{"total":3,"covered":3,"skipped":0,"pct":100},"statements":{"total":11,"covered":11,"skipped":0,"pct":100},"branches":{"total":0,"covered":0,"skipped":0,"pct":100}}
,"/app/dist/database/migrations/20220612193036_create_addresses.js": {"lines":{"total":12,"covered":12,"skipped":0,"pct":100},"functions":{"total":3,"covered":3,"skipped":0,"pct":100},"statements":{"total":12,"covered":12,"skipped":0,"pct":100},"branches":{"total":0,"covered":0,"skipped":0,"pct":100}}
,"/app/dist/database/migrations/20220613212009_create_emails.js": {"lines":{"total":14,"covered":14,"skipped":0,"pct":100},"functions":{"total":3,"covered":3,"skipped":0,"pct":100},"statements":{"total":14,"covered":14,"skipped":0,"pct":100},"branches":{"total":0,"covered":0,"skipped":0,"pct":100}}
,"/app/dist/database/migrations/20220621184002_create_tokens.js": {"lines":{"total":13,"covered":13,"skipped":0,"pct":100},"functions":{"total":3,"covered":3,"skipped":0,"pct":100},"statements":{"total":13,"covered":13,"skipped":0,"pct":100},"branches":{"total":0,"covered":0,"skipped":0,"pct":100}}
,"/app/dist/database/migrations/20220625195013_create_settings.js": {"lines":{"total":10,"covered":10,"skipped":0,"pct":100},"functions":{"total":3,"covered":3,"skipped":0,"pct":100},"statements":{"total":10,"covered":10,"skipped":0,"pct":100},"branches":{"total":0,"covered":0,"skipped":0,"pct":100}}
,"/app/dist/database/migrations/20220627194445_create_stats.js": {"lines":{"total":10,"covered":10,"skipped":0,"pct":100},"functions":{"total":3,"covered":3,"skipped":0,"pct":100},"statements":{"total":10,"covered":10,"skipped":0,"pct":100},"branches":{"total":0,"covered":0,"skipped":0,"pct":100}}
,"/app/dist/database/migrations/20220705191659_table_user_settings.js": {"lines":{"total":11,"covered":11,"skipped":0,"pct":100},"functions":{"total":3,"covered":3,"skipped":0,"pct":100},"statements":{"total":11,"covered":11,"skipped":0,"pct":100},"branches":{"total":0,"covered":0,"skipped":0,"pct":100}}
,"/app/dist/database/migrations/20220924221311_change_system_setting.js": {"lines":{"total":8,"covered":8,"skipped":0,"pct":100},"functions":{"total":2,"covered":2,"skipped":0,"pct":100},"statements":{"total":8,"covered":8,"skipped":0,"pct":100},"branches":{"total":0,"covered":0,"skipped":0,"pct":100}}
,"/app/dist/database/seeds/0-roles.js": {"lines":{"total":14,"covered":13,"skipped":0,"pct":92.85},"functions":{"total":1,"covered":1,"skipped":0,"pct":100},"statements":{"total":14,"covered":13,"skipped":0,"pct":92.85},"branches":{"total":2,"covered":1,"skipped":0,"pct":50}}
,"/app/dist/models/Email.js": {"lines":{"total":9,"covered":9,"skipped":0,"pct":100},"functions":{"total":3,"covered":3,"skipped":0,"pct":100},"statements":{"total":9,"covered":9,"skipped":0,"pct":100},"branches":{"total":0,"covered":0,"skipped":0,"pct":100}}
,"/app/dist/models/EmailAddress.js": {"lines":{"total":24,"covered":24,"skipped":0,"pct":100},"functions":{"total":7,"covered":7,"skipped":0,"pct":100},"statements":{"total":25,"covered":25,"skipped":0,"pct":100},"branches":{"total":6,"covered":6,"skipped":0,"pct":100}}
,"/app/dist/models/Role.js": {"lines":{"total":9,"covered":9,"skipped":0,"pct":100},"functions":{"total":3,"covered":3,"skipped":0,"pct":100},"statements":{"total":9,"covered":9,"skipped":0,"pct":100},"branches":{"total":0,"covered":0,"skipped":0,"pct":100}}
,"/app/dist/models/SystemSetting.js": {"lines":{"total":18,"covered":17,"skipped":0,"pct":94.44},"functions":{"total":4,"covered":4,"skipped":0,"pct":100},"statements":{"total":18,"covered":17,"skipped":0,"pct":94.44},"branches":{"total":4,"covered":3,"skipped":0,"pct":75}}
,"/app/dist/models/SystemStat.js": {"lines":{"total":20,"covered":19,"skipped":0,"pct":95},"functions":{"total":5,"covered":5,"skipped":0,"pct":100},"statements":{"total":20,"covered":19,"skipped":0,"pct":95},"branches":{"total":4,"covered":3,"skipped":0,"pct":75}}
,"/app/dist/models/Token.js": {"lines":{"total":11,"covered":11,"skipped":0,"pct":100},"functions":{"total":4,"covered":4,"skipped":0,"pct":100},"statements":{"total":11,"covered":11,"skipped":0,"pct":100},"branches":{"total":0,"covered":0,"skipped":0,"pct":100}}
,"/app/dist/models/User.js": {"lines":{"total":39,"covered":38,"skipped":0,"pct":97.43},"functions":{"total":12,"covered":12,"skipped":0,"pct":100},"statements":{"total":42,"covered":41,"skipped":0,"pct":97.61},"branches":{"total":7,"covered":6,"skipped":0,"pct":85.71}}
,"/app/dist/models/UserSettings.js": {"lines":{"total":7,"covered":7,"skipped":0,"pct":100},"functions":{"total":1,"covered":1,"skipped":0,"pct":100},"statements":{"total":7,"covered":7,"skipped":0,"pct":100},"branches":{"total":0,"covered":0,"skipped":0,"pct":100}}
,"/app/dist/routes/admin.js": {"lines":{"total":20,"covered":20,"skipped":0,"pct":100},"functions":{"total":3,"covered":3,"skipped":0,"pct":100},"statements":{"total":20,"covered":20,"skipped":0,"pct":100},"branches":{"total":11,"covered":10,"skipped":0,"pct":90.9}}
,"/app/dist/routes/api-v1.js": {"lines":{"total":24,"covered":23,"skipped":0,"pct":95.83},"functions":{"total":3,"covered":3,"skipped":0,"pct":100},"statements":{"total":24,"covered":23,"skipped":0,"pct":95.83},"branches":{"total":17,"covered":15,"skipped":0,"pct":88.23}}
,"/app/dist/routes/dashboard.js": {"lines":{"total":19,"covered":19,"skipped":0,"pct":100},"functions":{"total":3,"covered":3,"skipped":0,"pct":100},"statements":{"total":19,"covered":19,"skipped":0,"pct":100},"branches":{"total":9,"covered":8,"skipped":0,"pct":88.88}}
,"/app/dist/routes/login.js": {"lines":{"total":15,"covered":14,"skipped":0,"pct":93.33},"functions":{"total":3,"covered":3,"skipped":0,"pct":100},"statements":{"total":15,"covered":14,"skipped":0,"pct":93.33},"branches":{"total":9,"covered":7,"skipped":0,"pct":77.77}}
,"/app/dist/routes/logout.js": {"lines":{"total":9,"covered":9,"skipped":0,"pct":100},"functions":{"total":2,"covered":2,"skipped":0,"pct":100},"statements":{"total":9,"covered":9,"skipped":0,"pct":100},"branches":{"total":7,"covered":6,"skipped":0,"pct":85.71}}
,"/app/dist/routes/register.js": {"lines":{"total":17,"covered":16,"skipped":0,"pct":94.11},"functions":{"total":3,"covered":3,"skipped":0,"pct":100},"statements":{"total":17,"covered":16,"skipped":0,"pct":94.11},"branches":{"total":11,"covered":9,"skipped":0,"pct":81.81}}
,"/app/dist/routes/root.js": {"lines":{"total":9,"covered":9,"skipped":0,"pct":100},"functions":{"total":2,"covered":2,"skipped":0,"pct":100},"statements":{"total":9,"covered":9,"skipped":0,"pct":100},"branches":{"total":7,"covered":6,"skipped":0,"pct":85.71}}
,"/app/dist/routes/settings.js": {"lines":{"total":17,"covered":17,"skipped":0,"pct":100},"functions":{"total":3,"covered":3,"skipped":0,"pct":100},"statements":{"total":17,"covered":17,"skipped":0,"pct":100},"branches":{"total":9,"covered":8,"skipped":0,"pct":88.88}}
,"/app/dist/routes/setup.js": {"lines":{"total":14,"covered":14,"skipped":0,"pct":100},"functions":{"total":3,"covered":3,"skipped":0,"pct":100},"statements":{"total":14,"covered":14,"skipped":0,"pct":100},"branches":{"total":9,"covered":8,"skipped":0,"pct":88.88}}
,"/app/dist/tests/0-Models.js": {"lines":{"total":65,"covered":59,"skipped":0,"pct":90.76},"functions":{"total":8,"covered":8,"skipped":0,"pct":100},"statements":{"total":66,"covered":60,"skipped":0,"pct":90.9},"branches":{"total":19,"covered":12,"skipped":0,"pct":63.15}}
,"/app/dist/tests/1-RootController.js": {"lines":{"total":49,"covered":48,"skipped":0,"pct":97.95},"functions":{"total":13,"covered":13,"skipped":0,"pct":100},"statements":{"total":52,"covered":51,"skipped":0,"pct":98.07},"branches":{"total":12,"covered":10,"skipped":0,"pct":83.33}}
,"/app/dist/tests/10-LogoutController.js": {"lines":{"total":36,"covered":35,"skipped":0,"pct":97.22},"functions":{"total":8,"covered":8,"skipped":0,"pct":100},"statements":{"total":37,"covered":36,"skipped":0,"pct":97.29},"branches":{"total":9,"covered":7,"skipped":0,"pct":77.77}}
,"/app/dist/tests/11-UsersController.js": {"lines":{"total":87,"covered":86,"skipped":0,"pct":98.85},"functions":{"total":20,"covered":20,"skipped":0,"pct":100},"statements":{"total":93,"covered":92,"skipped":0,"pct":98.92},"branches":{"total":12,"covered":11,"skipped":0,"pct":91.66}}
,"/app/dist/tests/2-SetupController.js": {"lines":{"total":53,"covered":51,"skipped":0,"pct":96.22},"functions":{"total":11,"covered":11,"skipped":0,"pct":100},"statements":{"total":56,"covered":54,"skipped":0,"pct":96.42},"branches":{"total":11,"covered":9,"skipped":0,"pct":81.81}}
,"/app/dist/tests/3-RegisterController.js": {"lines":{"total":64,"covered":63,"skipped":0,"pct":98.43},"functions":{"total":13,"covered":13,"skipped":0,"pct":100},"statements":{"total":68,"covered":67,"skipped":0,"pct":98.52},"branches":{"total":9,"covered":8,"skipped":0,"pct":88.88}}
,"/app/dist/tests/4-LoginController.js": {"lines":{"total":40,"covered":39,"skipped":0,"pct":97.5},"functions":{"total":10,"covered":10,"skipped":0,"pct":100},"statements":{"total":43,"covered":42,"skipped":0,"pct":97.67},"branches":{"total":9,"covered":8,"skipped":0,"pct":88.88}}
,"/app/dist/tests/5-Other.js": {"lines":{"total":17,"covered":17,"skipped":0,"pct":100},"functions":{"total":5,"covered":5,"skipped":0,"pct":100},"statements":{"total":18,"covered":18,"skipped":0,"pct":100},"branches":{"total":7,"covered":6,"skipped":0,"pct":85.71}}
,"/app/dist/tests/6-ApiV1Controller.js": {"lines":{"total":84,"covered":83,"skipped":0,"pct":98.8},"functions":{"total":17,"covered":17,"skipped":0,"pct":100},"statements":{"total":86,"covered":85,"skipped":0,"pct":98.83},"branches":{"total":9,"covered":7,"skipped":0,"pct":77.77}}
,"/app/dist/tests/7-DashboardController.js": {"lines":{"total":144,"covered":142,"skipped":0,"pct":98.61},"functions":{"total":32,"covered":32,"skipped":0,"pct":100},"statements":{"total":153,"covered":151,"skipped":0,"pct":98.69},"branches":{"total":11,"covered":9,"skipped":0,"pct":81.81}}
,"/app/dist/tests/8-SettingsController.js": {"lines":{"total":125,"covered":124,"skipped":0,"pct":99.2},"functions":{"total":26,"covered":26,"skipped":0,"pct":100},"statements":{"total":132,"covered":131,"skipped":0,"pct":99.24},"branches":{"total":9,"covered":8,"skipped":0,"pct":88.88}}
,"/app/dist/tests/9-SystemSettingsController.js": {"lines":{"total":83,"covered":82,"skipped":0,"pct":98.79},"functions":{"total":18,"covered":18,"skipped":0,"pct":100},"statements":{"total":88,"covered":87,"skipped":0,"pct":98.86},"branches":{"total":12,"covered":11,"skipped":0,"pct":91.66}}
,"/app/dist/tests/utils.js": {"lines":{"total":41,"covered":40,"skipped":0,"pct":97.56},"functions":{"total":7,"covered":7,"skipped":0,"pct":100},"statements":{"total":44,"covered":43,"skipped":0,"pct":97.72},"branches":{"total":2,"covered":1,"skipped":0,"pct":50}}
,"/app/dist/utilities/functions.js": {"lines":{"total":18,"covered":16,"skipped":0,"pct":88.88},"functions":{"total":3,"covered":3,"skipped":0,"pct":100},"statements":{"total":19,"covered":17,"skipped":0,"pct":89.47},"branches":{"total":4,"covered":2,"skipped":0,"pct":50}}
}
