{"total": {"lines":{"total":1866,"covered":1553,"skipped":0,"pct":83.22},"statements":{"total":2022,"covered":1615,"skipped":0,"pct":79.87},"functions":{"total":407,"covered":312,"skipped":0,"pct":76.65},"branches":{"total":848,"covered":442,"skipped":0,"pct":52.12},"branchesTrue":{"total":0,"covered":0,"skipped":0,"pct":100}}
,"/app/dist/EventBus.js": {"lines":{"total":8,"covered":7,"skipped":0,"pct":87.5},"functions":{"total":5,"covered":4,"skipped":0,"pct":80},"statements":{"total":9,"covered":8,"skipped":0,"pct":88.88},"branches":{"total":0,"covered":0,"skipped":0,"pct":100}}
,"/app/dist/EventListeners.js": {"lines":{"total":12,"covered":12,"skipped":0,"pct":100},"functions":{"total":4,"covered":4,"skipped":0,"pct":100},"statements":{"total":12,"covered":12,"skipped":0,"pct":100},"branches":{"total":0,"covered":0,"skipped":0,"pct":100}}
,"/app/dist/web-server.js": {"lines":{"total":60,"covered":45,"skipped":0,"pct":75},"functions":{"total":7,"covered":2,"skipped":0,"pct":28.57},"statements":{"total":67,"covered":46,"skipped":0,"pct":68.65},"branches":{"total":48,"covered":23,"skipped":0,"pct":47.91}}
,"/app/dist/controllers/ApiV1Controller.js": {"lines":{"total":41,"covered":34,"skipped":0,"pct":82.92},"functions":{"total":4,"covered":3,"skipped":0,"pct":75},"statements":{"total":42,"covered":34,"skipped":0,"pct":80.95},"branches":{"total":22,"covered":15,"skipped":0,"pct":68.18}}
,"/app/dist/controllers/ControllerUtilities.js": {"lines":{"total":23,"covered":10,"skipped":0,"pct":43.47},"functions":{"total":7,"covered":1,"skipped":0,"pct":14.28},"statements":{"total":31,"covered":11,"skipped":0,"pct":35.48},"branches":{"total":35,"covered":14,"skipped":0,"pct":40}}
,"/app/dist/controllers/DashboardController.js": {"lines":{"total":103,"covered":79,"skipped":0,"pct":76.69},"functions":{"total":22,"covered":13,"skipped":0,"pct":59.09},"statements":{"total":113,"covered":82,"skipped":0,"pct":72.56},"branches":{"total":61,"covered":34,"skipped":0,"pct":55.73}}
,"/app/dist/controllers/ErrorController.js": {"lines":{"total":12,"covered":10,"skipped":0,"pct":83.33},"functions":{"total":1,"covered":1,"skipped":0,"pct":100},"statements":{"total":12,"covered":10,"skipped":0,"pct":83.33},"branches":{"total":2,"covered":1,"skipped":0,"pct":50}}
,"/app/dist/controllers/LoginController.js": {"lines":{"total":24,"covered":21,"skipped":0,"pct":87.5},"functions":{"total":4,"covered":4,"skipped":0,"pct":100},"statements":{"total":25,"covered":22,"skipped":0,"pct":88},"branches":{"total":8,"covered":5,"skipped":0,"pct":62.5}}
,"/app/dist/controllers/LogoutController.js": {"lines":{"total":7,"covered":7,"skipped":0,"pct":100},"functions":{"total":1,"covered":1,"skipped":0,"pct":100},"statements":{"total":7,"covered":7,"skipped":0,"pct":100},"branches":{"total":2,"covered":2,"skipped":0,"pct":100}}
,"/app/dist/controllers/RegisterController.js": {"lines":{"total":21,"covered":20,"skipped":0,"pct":95.23},"functions":{"total":4,"covered":4,"skipped":0,"pct":100},"statements":{"total":22,"covered":21,"skipped":0,"pct":95.45},"branches":{"total":6,"covered":5,"skipped":0,"pct":83.33}}
,"/app/dist/controllers/RootController.js": {"lines":{"total":31,"covered":31,"skipped":0,"pct":100},"functions":{"total":3,"covered":3,"skipped":0,"pct":100},"statements":{"total":31,"covered":31,"skipped":0,"pct":100},"branches":{"total":16,"covered":13,"skipped":0,"pct":81.25}}
,"/app/dist/controllers/SettingsController.js": {"lines":{"total":84,"covered":64,"skipped":0,"pct":76.19},"functions":{"total":16,"covered":10,"skipped":0,"pct":62.5},"statements":{"total":91,"covered":65,"skipped":0,"pct":71.42},"branches":{"total":57,"covered":29,"skipped":0,"pct":50.87}}
,"/app/dist/controllers/SetupController.js": {"lines":{"total":29,"covered":25,"skipped":0,"pct":86.2},"functions":{"total":4,"covered":4,"skipped":0,"pct":100},"statements":{"total":30,"covered":26,"skipped":0,"pct":86.66},"branches":{"total":10,"covered":6,"skipped":0,"pct":60}}
,"/app/dist/controllers/SystemSettingsController.js": {"lines":{"total":51,"covered":22,"skipped":0,"pct":43.13},"functions":{"total":11,"covered":2,"skipped":0,"pct":18.18},"statements":{"total":58,"covered":23,"skipped":0,"pct":39.65},"branches":{"total":41,"covered":15,"skipped":0,"pct":36.58}}
,"/app/dist/controllers/UsersController.js": {"lines":{"total":59,"covered":13,"skipped":0,"pct":22.03},"functions":{"total":12,"covered":1,"skipped":0,"pct":8.33},"statements":{"total":66,"covered":14,"skipped":0,"pct":21.21},"branches":{"total":49,"covered":14,"skipped":0,"pct":28.57}}
,"/app/dist/database/database.js": {"lines":{"total":8,"covered":7,"skipped":0,"pct":87.5},"functions":{"total":0,"covered":0,"skipped":0,"pct":100},"statements":{"total":8,"covered":7,"skipped":0,"pct":87.5},"branches":{"total":2,"covered":1,"skipped":0,"pct":50}}
,"/app/dist/database/migrations/20220610213230_create_users.js": {"lines":{"total":12,"covered":12,"skipped":0,"pct":100},"functions":{"total":3,"covered":3,"skipped":0,"pct":100},"statements":{"total":12,"covered":12,"skipped":0,"pct":100},"branches":{"total":0,"covered":0,"skipped":0,"pct":100}}
,"/app/dist/database/migrations/20220611142933_create_roles.js": {"lines":{"total":10,"covered":10,"skipped":0,"pct":100},"functions":{"total":3,"covered":3,"skipped":0,"pct":100},"statements":{"total":10,"covered":10,"skipped":0,"pct":100},"branches":{"total":0,"covered":0,"skipped":0,"pct":100}}
,"/app/dist/database/migrations/20220611143021_create_users_roles.js": {"lines":{"total":11,"covered":11,"skipped":0,"pct":100},"functions":{"total":3,"covered":3,"skipped":0,"pct":100},"statements":{"total":11,"covered":11,"skipped":0,"pct":100},"branches":{"total":0,"covered":0,"skipped":0,"pct":100}}
,"/app/dist/database/migrations/20220612193036_create_addresses.js": {"lines":{"total":12,"covered":12,"skipped":0,"pct":100},"functions":{"total":3,"covered":3,"skipped":0,"pct":100},"statements":{"total":12,"covered":12,"skipped":0,"pct":100},"branches":{"total":0,"covered":0,"skipped":0,"pct":100}}
,"/app/dist/database/migrations/20220613212009_create_emails.js": {"lines":{"total":14,"covered":14,"skipped":0,"pct":100},"functions":{"total":3,"covered":3,"skipped":0,"pct":100},"statements":{"total":14,"covered":14,"skipped":0,"pct":100},"branches":{"total":0,"covered":0,"skipped":0,"pct":100}}
,"/app/dist/database/migrations/20220621184002_create_tokens.js": {"lines":{"total":13,"covered":13,"skipped":0,"pct":100},"functions":{"total":3,"covered":3,"skipped":0,"pct":100},"statements":{"total":13,"covered":13,"skipped":0,"pct":100},"branches":{"total":0,"covered":0,"skipped":0,"pct":100}}
,"/app/dist/database/migrations/20220625195013_create_settings.js": {"lines":{"total":10,"covered":10,"skipped":0,"pct":100},"functions":{"total":3,"covered":3,"skipped":0,"pct":100},"statements":{"total":10,"covered":10,"skipped":0,"pct":100},"branches":{"total":0,"covered":0,"skipped":0,"pct":100}}
,"/app/dist/database/migrations/20220627194445_create_stats.js": {"lines":{"total":10,"covered":10,"skipped":0,"pct":100},"functions":{"total":3,"covered":3,"skipped":0,"pct":100},"statements":{"total":10,"covered":10,"skipped":0,"pct":100},"branches":{"total":0,"covered":0,"skipped":0,"pct":100}}
,"/app/dist/database/migrations/20220705191659_table_user_settings.js": {"lines":{"total":11,"covered":11,"skipped":0,"pct":100},"functions":{"total":3,"covered":3,"skipped":0,"pct":100},"statements":{"total":11,"covered":11,"skipped":0,"pct":100},"branches":{"total":0,"covered":0,"skipped":0,"pct":100}}
,"/app/dist/database/seeds/0-roles.js": {"lines":{"total":14,"covered":13,"skipped":0,"pct":92.85},"functions":{"total":1,"covered":1,"skipped":0,"pct":100},"statements":{"total":14,"covered":13,"skipped":0,"pct":92.85},"branches":{"total":2,"covered":1,"skipped":0,"pct":50}}
,"/app/dist/database/seeds/1-UserSettings.js": {"lines":{"total":14,"covered":13,"skipped":0,"pct":92.85},"functions":{"total":3,"covered":1,"skipped":0,"pct":33.33},"statements":{"total":15,"covered":13,"skipped":0,"pct":86.66},"branches":{"total":0,"covered":0,"skipped":0,"pct":100}}
,"/app/dist/models/Email.js": {"lines":{"total":9,"covered":9,"skipped":0,"pct":100},"functions":{"total":3,"covered":3,"skipped":0,"pct":100},"statements":{"total":9,"covered":9,"skipped":0,"pct":100},"branches":{"total":0,"covered":0,"skipped":0,"pct":100}}
,"/app/dist/models/EmailAddress.js": {"lines":{"total":24,"covered":24,"skipped":0,"pct":100},"functions":{"total":7,"covered":7,"skipped":0,"pct":100},"statements":{"total":25,"covered":25,"skipped":0,"pct":100},"branches":{"total":6,"covered":6,"skipped":0,"pct":100}}
,"/app/dist/models/Role.js": {"lines":{"total":9,"covered":9,"skipped":0,"pct":100},"functions":{"total":3,"covered":3,"skipped":0,"pct":100},"statements":{"total":9,"covered":9,"skipped":0,"pct":100},"branches":{"total":0,"covered":0,"skipped":0,"pct":100}}
,"/app/dist/models/SystemSetting.js": {"lines":{"total":18,"covered":17,"skipped":0,"pct":94.44},"functions":{"total":4,"covered":4,"skipped":0,"pct":100},"statements":{"total":18,"covered":17,"skipped":0,"pct":94.44},"branches":{"total":4,"covered":3,"skipped":0,"pct":75}}
,"/app/dist/models/SystemStat.js": {"lines":{"total":20,"covered":19,"skipped":0,"pct":95},"functions":{"total":5,"covered":5,"skipped":0,"pct":100},"statements":{"total":20,"covered":19,"skipped":0,"pct":95},"branches":{"total":4,"covered":3,"skipped":0,"pct":75}}
,"/app/dist/models/Token.js": {"lines":{"total":11,"covered":11,"skipped":0,"pct":100},"functions":{"total":4,"covered":4,"skipped":0,"pct":100},"statements":{"total":11,"covered":11,"skipped":0,"pct":100},"branches":{"total":0,"covered":0,"skipped":0,"pct":100}}
,"/app/dist/models/User.js": {"lines":{"total":38,"covered":36,"skipped":0,"pct":94.73},"functions":{"total":12,"covered":12,"skipped":0,"pct":100},"statements":{"total":41,"covered":39,"skipped":0,"pct":95.12},"branches":{"total":7,"covered":5,"skipped":0,"pct":71.42}}
,"/app/dist/models/UserSettings.js": {"lines":{"total":7,"covered":7,"skipped":0,"pct":100},"functions":{"total":1,"covered":1,"skipped":0,"pct":100},"statements":{"total":7,"covered":7,"skipped":0,"pct":100},"branches":{"total":0,"covered":0,"skipped":0,"pct":100}}
,"/app/dist/routes/admin.js": {"lines":{"total":35,"covered":22,"skipped":0,"pct":62.85},"functions":{"total":8,"covered":3,"skipped":0,"pct":37.5},"statements":{"total":42,"covered":23,"skipped":0,"pct":54.76},"branches":{"total":39,"covered":18,"skipped":0,"pct":46.15}}
,"/app/dist/routes/api-v1.js": {"lines":{"total":37,"covered":24,"skipped":0,"pct":64.86},"functions":{"total":8,"covered":3,"skipped":0,"pct":37.5},"statements":{"total":44,"covered":25,"skipped":0,"pct":56.81},"branches":{"total":43,"covered":22,"skipped":0,"pct":51.16}}
,"/app/dist/routes/dashboard.js": {"lines":{"total":31,"covered":18,"skipped":0,"pct":58.06},"functions":{"total":8,"covered":3,"skipped":0,"pct":37.5},"statements":{"total":38,"covered":19,"skipped":0,"pct":50},"branches":{"total":37,"covered":16,"skipped":0,"pct":43.24}}
,"/app/dist/routes/login.js": {"lines":{"total":29,"covered":15,"skipped":0,"pct":51.72},"functions":{"total":8,"covered":3,"skipped":0,"pct":37.5},"statements":{"total":36,"covered":16,"skipped":0,"pct":44.44},"branches":{"total":37,"covered":15,"skipped":0,"pct":40.54}}
,"/app/dist/routes/logout.js": {"lines":{"total":24,"covered":11,"skipped":0,"pct":45.83},"functions":{"total":7,"covered":2,"skipped":0,"pct":28.57},"statements":{"total":31,"covered":12,"skipped":0,"pct":38.7},"branches":{"total":35,"covered":14,"skipped":0,"pct":40}}
,"/app/dist/routes/register.js": {"lines":{"total":32,"covered":18,"skipped":0,"pct":56.25},"functions":{"total":8,"covered":3,"skipped":0,"pct":37.5},"statements":{"total":39,"covered":19,"skipped":0,"pct":48.71},"branches":{"total":39,"covered":17,"skipped":0,"pct":43.58}}
,"/app/dist/routes/root.js": {"lines":{"total":26,"covered":13,"skipped":0,"pct":50},"functions":{"total":7,"covered":2,"skipped":0,"pct":28.57},"statements":{"total":33,"covered":14,"skipped":0,"pct":42.42},"branches":{"total":35,"covered":14,"skipped":0,"pct":40}}
,"/app/dist/routes/settings.js": {"lines":{"total":31,"covered":18,"skipped":0,"pct":58.06},"functions":{"total":8,"covered":3,"skipped":0,"pct":37.5},"statements":{"total":38,"covered":19,"skipped":0,"pct":50},"branches":{"total":37,"covered":16,"skipped":0,"pct":43.24}}
,"/app/dist/routes/setup.js": {"lines":{"total":29,"covered":16,"skipped":0,"pct":55.17},"functions":{"total":8,"covered":3,"skipped":0,"pct":37.5},"statements":{"total":36,"covered":17,"skipped":0,"pct":47.22},"branches":{"total":37,"covered":16,"skipped":0,"pct":43.24}}
,"/app/dist/tests/0-Models.js": {"lines":{"total":63,"covered":58,"skipped":0,"pct":92.06},"functions":{"total":8,"covered":8,"skipped":0,"pct":100},"statements":{"total":64,"covered":59,"skipped":0,"pct":92.18},"branches":{"total":17,"covered":11,"skipped":0,"pct":64.7}}
,"/app/dist/tests/1-RootController.js": {"lines":{"total":77,"covered":76,"skipped":0,"pct":98.7},"functions":{"total":24,"covered":24,"skipped":0,"pct":100},"statements":{"total":84,"covered":83,"skipped":0,"pct":98.8},"branches":{"total":12,"covered":10,"skipped":0,"pct":83.33}}
,"/app/dist/tests/10-LogoutController.js": {"lines":{"total":36,"covered":35,"skipped":0,"pct":97.22},"functions":{"total":8,"covered":8,"skipped":0,"pct":100},"statements":{"total":37,"covered":36,"skipped":0,"pct":97.29},"branches":{"total":9,"covered":7,"skipped":0,"pct":77.77}}
,"/app/dist/tests/2-SetupController.js": {"lines":{"total":48,"covered":46,"skipped":0,"pct":95.83},"functions":{"total":10,"covered":10,"skipped":0,"pct":100},"statements":{"total":50,"covered":48,"skipped":0,"pct":96},"branches":{"total":11,"covered":9,"skipped":0,"pct":81.81}}
,"/app/dist/tests/3-RegisterController.js": {"lines":{"total":54,"covered":53,"skipped":0,"pct":98.14},"functions":{"total":11,"covered":11,"skipped":0,"pct":100},"statements":{"total":56,"covered":55,"skipped":0,"pct":98.21},"branches":{"total":9,"covered":8,"skipped":0,"pct":88.88}}
,"/app/dist/tests/4-LoginController.js": {"lines":{"total":35,"covered":34,"skipped":0,"pct":97.14},"functions":{"total":9,"covered":9,"skipped":0,"pct":100},"statements":{"total":37,"covered":36,"skipped":0,"pct":97.29},"branches":{"total":9,"covered":8,"skipped":0,"pct":88.88}}
,"/app/dist/tests/5-Other.js": {"lines":{"total":17,"covered":17,"skipped":0,"pct":100},"functions":{"total":5,"covered":5,"skipped":0,"pct":100},"statements":{"total":18,"covered":18,"skipped":0,"pct":100},"branches":{"total":7,"covered":6,"skipped":0,"pct":85.71}}
,"/app/dist/tests/6-ApiV1Controller.js": {"lines":{"total":87,"covered":82,"skipped":0,"pct":94.25},"functions":{"total":17,"covered":17,"skipped":0,"pct":100},"statements":{"total":89,"covered":84,"skipped":0,"pct":94.38},"branches":{"total":17,"covered":11,"skipped":0,"pct":64.7}}
,"/app/dist/tests/7-DashboardController.js": {"lines":{"total":121,"covered":119,"skipped":0,"pct":98.34},"functions":{"total":26,"covered":26,"skipped":0,"pct":100},"statements":{"total":128,"covered":126,"skipped":0,"pct":98.43},"branches":{"total":11,"covered":9,"skipped":0,"pct":81.81}}
,"/app/dist/tests/8-SettingsController.js": {"lines":{"total":125,"covered":124,"skipped":0,"pct":99.2},"functions":{"total":26,"covered":26,"skipped":0,"pct":100},"statements":{"total":132,"covered":131,"skipped":0,"pct":99.24},"branches":{"total":9,"covered":8,"skipped":0,"pct":88.88}}
,"/app/dist/tests/9-SystemSettingsController.js": {"lines":{"total":40,"covered":39,"skipped":0,"pct":97.5},"functions":{"total":10,"covered":10,"skipped":0,"pct":100},"statements":{"total":42,"covered":41,"skipped":0,"pct":97.61},"branches":{"total":12,"covered":10,"skipped":0,"pct":83.33}}
,"/app/dist/tests/utils.js": {"lines":{"total":39,"covered":38,"skipped":0,"pct":97.43},"functions":{"total":7,"covered":7,"skipped":0,"pct":100},"statements":{"total":42,"covered":41,"skipped":0,"pct":97.61},"branches":{"total":2,"covered":1,"skipped":0,"pct":50}}
,"/app/dist/utilities/functions.js": {"lines":{"total":10,"covered":9,"skipped":0,"pct":90},"functions":{"total":1,"covered":1,"skipped":0,"pct":100},"statements":{"total":10,"covered":9,"skipped":0,"pct":90},"branches":{"total":2,"covered":1,"skipped":0,"pct":50}}
}
